[debug] [2021-10-20T12:56:37.661Z] ----------------------------------------------------------------------
[debug] [2021-10-20T12:56:37.664Z] Command:       /usr/bin/node /usr/local/bin/firebase deploy
[debug] [2021-10-20T12:56:37.664Z] CLI Version:   9.20.0
[debug] [2021-10-20T12:56:37.664Z] Platform:      linux
[debug] [2021-10-20T12:56:37.664Z] Node Version:  v16.11.1
[debug] [2021-10-20T12:56:37.665Z] Time:          Wed Oct 20 2021 15:56:37 GMT+0300 (Eastern European Summer Time)
[debug] [2021-10-20T12:56:37.665Z] ----------------------------------------------------------------------
[debug] 
[debug] [2021-10-20T12:56:37.731Z] > command requires scopes: ["email","openid","https://www.googleapis.com/auth/cloudplatformprojects.readonly","https://www.googleapis.com/auth/firebase","https://www.googleapis.com/auth/cloud-platform"]
[debug] [2021-10-20T12:56:37.732Z] > authorizing via signed-in user (fadirezeksalloum.dev@gmail.com)
[debug] [2021-10-20T12:56:37.732Z] [iam] checking project disneycloneapp-f9250 for permissions ["firebase.projects.get","firebasehosting.sites.update"]
[debug] [2021-10-20T12:56:37.734Z] > refreshing access token with scopes: ["email","https://www.googleapis.com/auth/cloud-platform","https://www.googleapis.com/auth/cloudplatformprojects.readonly","https://www.googleapis.com/auth/firebase","openid"]
[debug] [2021-10-20T12:56:37.735Z] >>> HTTP REQUEST POST https://www.googleapis.com/oauth2/v3/token  
 <request body omitted>
[debug] [2021-10-20T12:56:39.582Z] <<< HTTP RESPONSE 200 {"date":"Wed, 20 Oct 2021 12:56:39 GMT","expires":"Mon, 01 Jan 1990 00:00:00 GMT","pragma":"no-cache","cache-control":"no-cache, no-store, max-age=0, must-revalidate","content-type":"application/json; charset=utf-8","vary":"X-Origin, Referer, Origin,Accept-Encoding","server":"scaffolding on HTTPServer2","x-xss-protection":"0","x-frame-options":"SAMEORIGIN","x-content-type-options":"nosniff","alt-svc":"h3=\":443\"; ma=2592000,h3-29=\":443\"; ma=2592000,h3-T051=\":443\"; ma=2592000,h3-Q050=\":443\"; ma=2592000,h3-Q046=\":443\"; ma=2592000,h3-Q043=\":443\"; ma=2592000,quic=\":443\"; ma=2592000; v=\"46,43\"","accept-ranges":"none","transfer-encoding":"chunked"}
[debug] [2021-10-20T12:56:39.703Z] >>> HTTP REQUEST POST https://cloudresourcemanager.googleapis.com/v1/projects/disneycloneapp-f9250:testIamPermissions  
 {"permissions":["firebase.projects.get","firebasehosting.sites.update"]}
[debug] [2021-10-20T12:56:41.681Z] <<< HTTP RESPONSE 200 {"content-type":"application/json; charset=UTF-8","vary":"X-Origin, Referer, Origin,Accept-Encoding","date":"Wed, 20 Oct 2021 12:56:41 GMT","server":"ESF","cache-control":"private","x-xss-protection":"0","x-frame-options":"SAMEORIGIN","x-content-type-options":"nosniff","server-timing":"gfet4t7; dur=579","alt-svc":"h3=\":443\"; ma=2592000,h3-29=\":443\"; ma=2592000,h3-Q050=\":443\"; ma=2592000,h3-Q046=\":443\"; ma=2592000,h3-Q043=\":443\"; ma=2592000","accept-ranges":"none","transfer-encoding":"chunked"}
[debug] [2021-10-20T12:56:41.689Z] > refreshing access token with scopes: []
[debug] [2021-10-20T12:56:41.690Z] >>> HTTP REQUEST POST https://www.googleapis.com/oauth2/v3/token  
 <request body omitted>
[debug] [2021-10-20T12:56:43.279Z] <<< HTTP RESPONSE 200 {"pragma":"no-cache","date":"Wed, 20 Oct 2021 12:56:43 GMT","cache-control":"no-cache, no-store, max-age=0, must-revalidate","expires":"Mon, 01 Jan 1990 00:00:00 GMT","content-type":"application/json; charset=utf-8","vary":"X-Origin, Referer, Origin,Accept-Encoding","server":"scaffolding on HTTPServer2","x-xss-protection":"0","x-frame-options":"SAMEORIGIN","x-content-type-options":"nosniff","alt-svc":"h3=\":443\"; ma=2592000,h3-29=\":443\"; ma=2592000,h3-T051=\":443\"; ma=2592000,h3-Q050=\":443\"; ma=2592000,h3-Q046=\":443\"; ma=2592000,h3-Q043=\":443\"; ma=2592000,quic=\":443\"; ma=2592000; v=\"46,43\"","accept-ranges":"none","transfer-encoding":"chunked"}
[debug] [2021-10-20T12:56:43.378Z] >>> [apiv2][query] GET https://firebase.googleapis.com/v1beta1/projects/disneycloneapp-f9250 [none]
[debug] [2021-10-20T12:56:45.208Z] <<< [apiv2][status] GET https://firebase.googleapis.com/v1beta1/projects/disneycloneapp-f9250 200
[debug] [2021-10-20T12:56:45.208Z] <<< [apiv2][body] GET https://firebase.googleapis.com/v1beta1/projects/disneycloneapp-f9250 {"projectId":"disneycloneapp-f9250","projectNumber":"1066282905735","displayName":"DisneyCloneApp","name":"projects/disneycloneapp-f9250","resources":{"hostingSite":"disneycloneapp-f9250","storageBucket":"disneycloneapp-f9250.appspot.com","locationId":"asia-northeast2"},"state":"ACTIVE"}
[info] 
[info] === Deploying to 'disneycloneapp-f9250'...
[info] 
[info] i  deploying hosting 
[debug] [2021-10-20T12:56:45.216Z] > refreshing access token with scopes: ["email","https://www.googleapis.com/auth/cloud-platform","https://www.googleapis.com/auth/cloudplatformprojects.readonly","https://www.googleapis.com/auth/firebase","openid"]
[debug] [2021-10-20T12:56:45.216Z] >>> HTTP REQUEST POST https://www.googleapis.com/oauth2/v3/token  
 <request body omitted>
[debug] [2021-10-20T12:56:45.832Z] <<< HTTP RESPONSE 200 {"expires":"Mon, 01 Jan 1990 00:00:00 GMT","cache-control":"no-cache, no-store, max-age=0, must-revalidate","pragma":"no-cache","date":"Wed, 20 Oct 2021 12:56:46 GMT","content-type":"application/json; charset=utf-8","vary":"X-Origin, Referer, Origin,Accept-Encoding","server":"scaffolding on HTTPServer2","x-xss-protection":"0","x-frame-options":"SAMEORIGIN","x-content-type-options":"nosniff","alt-svc":"h3=\":443\"; ma=2592000,h3-29=\":443\"; ma=2592000,h3-Q050=\":443\"; ma=2592000,h3-Q046=\":443\"; ma=2592000,h3-Q043=\":443\"; ma=2592000","accept-ranges":"none","transfer-encoding":"chunked"}
[debug] [2021-10-20T12:56:45.953Z] >>> HTTP REQUEST POST https://firebasehosting.googleapis.com/v1beta1/sites/disneycloneapp-f9250/versions  
 {"config":{"rewrites":[{"glob":"**","path":"/index.html"}]},"labels":{"deployment-tool":"cli-firebase"}}
[debug] [2021-10-20T12:56:47.920Z] <<< HTTP RESPONSE 200 {"content-type":"application/json; charset=UTF-8","vary":"X-Origin, Referer, Origin,Accept-Encoding","date":"Wed, 20 Oct 2021 12:56:48 GMT","server":"ESF","cache-control":"private","x-xss-protection":"0","x-frame-options":"SAMEORIGIN","x-content-type-options":"nosniff","alt-svc":"h3=\":443\"; ma=2592000,h3-29=\":443\"; ma=2592000,h3-Q050=\":443\"; ma=2592000,h3-Q046=\":443\"; ma=2592000,h3-Q043=\":443\"; ma=2592000","accept-ranges":"none","transfer-encoding":"chunked"}
[info] i  hosting[disneycloneapp-f9250]: beginning deploy... 
[info] i  hosting[disneycloneapp-f9250]: found 46 files in build 
[debug] [2021-10-20T12:56:48.035Z] > refreshing access token with scopes: []
[debug] [2021-10-20T12:56:48.035Z] >>> HTTP REQUEST POST https://www.googleapis.com/oauth2/v3/token  
 <request body omitted>
[debug] [2021-10-20T12:56:48.039Z] [hosting] hash cache [YnVpbGQ] stored for 46 files
[debug] [2021-10-20T12:56:48.041Z] [hosting][hash queue][FINAL] {"max":4,"min":1,"avg":1,"active":0,"complete":46,"success":46,"errored":0,"retried":0,"total":46,"elapsed":13}
[debug] [2021-10-20T12:56:51.928Z] <<< HTTP RESPONSE 200 {"cache-control":"no-cache, no-store, max-age=0, must-revalidate","date":"Wed, 20 Oct 2021 12:56:50 GMT","expires":"Mon, 01 Jan 1990 00:00:00 GMT","pragma":"no-cache","content-type":"application/json; charset=utf-8","vary":"X-Origin, Referer, Origin,Accept-Encoding","server":"scaffolding on HTTPServer2","x-xss-protection":"0","x-frame-options":"SAMEORIGIN","x-content-type-options":"nosniff","alt-svc":"h3=\":443\"; ma=2592000,h3-29=\":443\"; ma=2592000,h3-T051=\":443\"; ma=2592000,h3-Q050=\":443\"; ma=2592000,h3-Q046=\":443\"; ma=2592000,h3-Q043=\":443\"; ma=2592000,quic=\":443\"; ma=2592000; v=\"46,43\"","accept-ranges":"none","transfer-encoding":"chunked"}
[debug] [2021-10-20T12:56:52.040Z] >>> [apiv2][query] POST https://firebasehosting.googleapis.com/v1beta1/sites/disneycloneapp-f9250/versions/407b7dd5d151fa2f:populateFiles [none]
[debug] [2021-10-20T12:56:52.040Z] >>> [apiv2][body] POST https://firebasehosting.googleapis.com/v1beta1/sites/disneycloneapp-f9250/versions/407b7dd5d151fa2f:populateFiles {"files":{"/asset-manifest.json":"b42bb1dfd7a7f5401a677fcbcfc41061a988940d25b12ed26f98ab0105f7852e","/index.html":"3f5b0e444f8db6a6a5d11033616512d42228374dfa4767c1a506d50658b701e4","/images/cta-logo-one.svg":"6d3f0cccc37150d08712a3df13ca7c853b54b40e054fb41b802666a3d4362c02","/images/cta-logo-two.png":"17616b23cf3ac53e3afbd7f072832396ab053ed1e355dd019d5a361ff78e786b","/images/favicon.svg":"ba9028c423e10d441ec94b3898e4b8f97d3990592dee985a64f08b1237815fe4","/images/group-icon.png":"c624e049d659d1cd1cf4b15cd73d7c64e5385088160e8dbf01d7c296b6574b6c","/images/home-background.png":"1ad36ffaa949faee194e3b8af8e6a64e94661b4570e5277bdf474ecb20074193","/images/home-icon.svg":"930a733bddcf178c5b0ca692aeebd2429c54166a37e0365c1a0d5e5cc286facf","/images/login-background.jpg":"deb734371bafcec95d9cca2b3d16d612e3b6f56b98ad73ca4643f80a22a496b0","/images/logo.svg":"7a76f5ab08788220a7a422ca64cbfebd100ba52ddc2c8ece38dd872f25abc209","/images/movie-icon.svg":"192f4a346ef312628dc2b5fa086af7bae027d5fd05866cdcc5d35e770e671927","/images/original-icon.svg":"e2b174c0db9dd30b563ba2e867d8c7fbe77845765aed20b88dc5f22302cf254f","/images/play-icon-black.png":"20244e9d29a182c781c990dcc88b789649a060403b321ed1973b8dc19e1aa2ce","/images/play-icon-white.png":"2abee5cb38a76ebcb7ff0d653fb945e0838a3a3ba3c4d49a792e31705d6056c0","/images/search-icon.svg":"31a7281c696b1c3dbefb7ab5f896ca37de7d17d604d3eb68fb4d0455821f7687","/images/series-icon.svg":"1032676540d547b340d065999b1c3da2eab63e61804431b312ed438325f91b54","/images/slider-badag.jpg":"1d89fbbb1420468b194a1586bd19f89ae1bfb456cb98050b35c059c73136c9f8","/images/slider-badging.jpg":"1d4a85d4b0a845c4aeab082b00059ba463b962a9c6eec83c9ddfec9550cf0d31","/images/slider-scale.jpg":"e4a9b4ac86a2269bda3236a49ec75f0bd3174226ced40036eb7cb4050c234cc6","/images/slider-scales.jpg":"31042ccb2498870e9ff253dfaed7361f852bac34705301f182a56f4e520ba797","/images/viewers-disney.png":"466ed44742c01f24998d923c7686857e86752a98071985bc03783843c6f5f025","/images/viewers-marvel.png":"a43030428e1c31c44ad2fd9f70b5ecfe355d837822ef8b056ffe9df01763041c","/images/viewers-national.png":"a0b847686d28684aeae6aa9ee52a9e5c0b0b43faa4577a516949a254abfb7d95","/images/viewers-pixar.png":"b4cf33715cb12ffcd1630c0d60f6403aa4528105144cc16103f032235c3d0794","/images/viewers-starwars.png":"7bb3d46b68c07590f60142e92ddc527639c4312f8afa3d42e6f2e1711c378543","/images/watchlist-icon.svg":"82404480bae70aa451d2265f2cf81cf06c8e7e69471b0fa301e8d6ca540f6eba","/static/css/2.19627560.chunk.css":"2f4fe33a60b1aecec3d7704288e4231a0bae862bea45733d7cc19dffe84b9e5a","/static/css/2.19627560.chunk.css.map":"137b1a9f4035c5801572dc8e46154704ec0f6550796e3fb78d570cf64fa0a185","/static/css/main.b29c0c83.chunk.css":"cc6898abc49b258819705219ad58c9616157d243a425aa6697c9bab87e397404","/static/css/main.b29c0c83.chunk.css.map":"21c890440a3f955f5b0f189fd733d55b78fd4cfdd49afb5b72a6ccd3b075f057","/static/js/2.ad72b1d0.chunk.js":"d571d0030f5500084bee56faa7097ef7568ff8c45b7f890f600b4987aeb58dd0","/static/js/2.ad72b1d0.chunk.js.LICENSE.txt":"689f325de03b60e76ad56b3c52e532b131164786d154f402d89245b69aae920a","/static/js/2.ad72b1d0.chunk.js.map":"5b5f1ac535b5be381da8af7ebf49e03b8729a5e6fd50bcdb4121941d64c1c338","/static/js/main.f8fdfbaa.chunk.js":"348047bc9af3725182f822aadf1fa3a43738e8fc7d98cec595c8f714328836ba","/static/js/main.f8fdfbaa.chunk.js.map":"b0bb8f91b64652ce3513c933b5e5e9ea873a8bb223fd05204618939d3f75e150","/static/js/runtime-main.d8540e9e.js":"239d4f6d89513842119ca29d58a031b37d4cde52e6384a6c632fb63512f0e33e","/static/js/runtime-main.d8540e9e.js.map":"25876836295402280f5c8a793869bfeb8155adaa5f99f9542a4c53eb3c2c074d","/static/media/slick.2630a3e3.svg":"e833374a2a7c50bc853e5ffc3f5cd629c072f85139c161f4c9cde24d779a3f20","/static/media/slick.29518378.woff":"94d6b06620e204c7c7a163b806f382b7e784dfe120067484b447526b7c009189","/static/media/slick.a4e97f5a.eot":"f71b3a7853f380177ec1dd20ad834a587f5bd2f7829c9a97740e71774b62c18d","/static/media/slick.c94f7671.ttf":"df6ad11dd9bda822068ae06cb98a89c5fb2a2467c88d98238e5c685af55ac10e","/videos/1564674844-disney.mp4":"86d0538653eb1cf4879cc9cbb137dd34f0f51f58acd3fe6d3e3a8d00fbb0409f","/videos/1564676115-marvel.mp4":"0f2a0455043289a087414cbf5e538a64202814a5114765aade9f275d4731f34a","/videos/1564676296-national-geographic.mp4":"c48b87dfb6bb95b37572a895c1e94180d45ce5378b67abcdab32aa45f4a1d7a3","/videos/1564676714-pixar.mp4":"729dcfcb9209ea39aaf14975fb7cd4bc833ec1b8fb6b5f86d4ad8bd154db2b66","/videos/1608229455-star-wars.mp4":"9bb42627398c13fdd497bfef8c49e912055994fe6d659b0aa40d0e621e0f4031"}}
[debug] [2021-10-20T12:56:59.067Z] <<< [apiv2][status] POST https://firebasehosting.googleapis.com/v1beta1/sites/disneycloneapp-f9250/versions/407b7dd5d151fa2f:populateFiles 200
[debug] [2021-10-20T12:56:59.068Z] <<< [apiv2][body] POST https://firebasehosting.googleapis.com/v1beta1/sites/disneycloneapp-f9250/versions/407b7dd5d151fa2f:populateFiles {"uploadRequiredHashes":["c48b87dfb6bb95b37572a895c1e94180d45ce5378b67abcdab32aa45f4a1d7a3","729dcfcb9209ea39aaf14975fb7cd4bc833ec1b8fb6b5f86d4ad8bd154db2b66","0f2a0455043289a087414cbf5e538a64202814a5114765aade9f275d4731f34a","deb734371bafcec95d9cca2b3d16d612e3b6f56b98ad73ca4643f80a22a496b0","86d0538653eb1cf4879cc9cbb137dd34f0f51f58acd3fe6d3e3a8d00fbb0409f","9bb42627398c13fdd497bfef8c49e912055994fe6d659b0aa40d0e621e0f4031"],"uploadUrl":"https://upload-firebasehosting.googleapis.com/upload/sites/disneycloneapp-f9250/versions/407b7dd5d151fa2f/files"}
[debug] [2021-10-20T12:56:59.087Z] >>> [apiv2][query] POST https://upload-firebasehosting.googleapis.com/upload/sites/disneycloneapp-f9250/versions/407b7dd5d151fa2f/files/c48b87dfb6bb95b37572a895c1e94180d45ce5378b67abcdab32aa45f4a1d7a3 [none]
[debug] [2021-10-20T12:56:59.088Z] >>> [apiv2][body] POST https://upload-firebasehosting.googleapis.com/upload/sites/disneycloneapp-f9250/versions/407b7dd5d151fa2f/files/c48b87dfb6bb95b37572a895c1e94180d45ce5378b67abcdab32aa45f4a1d7a3 [stream]
[debug] [2021-10-20T12:56:59.108Z] >>> [apiv2][query] POST https://upload-firebasehosting.googleapis.com/upload/sites/disneycloneapp-f9250/versions/407b7dd5d151fa2f/files/729dcfcb9209ea39aaf14975fb7cd4bc833ec1b8fb6b5f86d4ad8bd154db2b66 [none]
[debug] [2021-10-20T12:56:59.109Z] >>> [apiv2][body] POST https://upload-firebasehosting.googleapis.com/upload/sites/disneycloneapp-f9250/versions/407b7dd5d151fa2f/files/729dcfcb9209ea39aaf14975fb7cd4bc833ec1b8fb6b5f86d4ad8bd154db2b66 [stream]
[debug] [2021-10-20T12:56:59.116Z] >>> [apiv2][query] POST https://upload-firebasehosting.googleapis.com/upload/sites/disneycloneapp-f9250/versions/407b7dd5d151fa2f/files/0f2a0455043289a087414cbf5e538a64202814a5114765aade9f275d4731f34a [none]
[debug] [2021-10-20T12:56:59.116Z] >>> [apiv2][body] POST https://upload-firebasehosting.googleapis.com/upload/sites/disneycloneapp-f9250/versions/407b7dd5d151fa2f/files/0f2a0455043289a087414cbf5e538a64202814a5114765aade9f275d4731f34a [stream]
[debug] [2021-10-20T12:56:59.122Z] >>> [apiv2][query] POST https://upload-firebasehosting.googleapis.com/upload/sites/disneycloneapp-f9250/versions/407b7dd5d151fa2f/files/deb734371bafcec95d9cca2b3d16d612e3b6f56b98ad73ca4643f80a22a496b0 [none]
[debug] [2021-10-20T12:56:59.122Z] >>> [apiv2][body] POST https://upload-firebasehosting.googleapis.com/upload/sites/disneycloneapp-f9250/versions/407b7dd5d151fa2f/files/deb734371bafcec95d9cca2b3d16d612e3b6f56b98ad73ca4643f80a22a496b0 [stream]
[debug] [2021-10-20T12:56:59.127Z] >>> [apiv2][query] POST https://upload-firebasehosting.googleapis.com/upload/sites/disneycloneapp-f9250/versions/407b7dd5d151fa2f/files/86d0538653eb1cf4879cc9cbb137dd34f0f51f58acd3fe6d3e3a8d00fbb0409f [none]
[debug] [2021-10-20T12:56:59.127Z] >>> [apiv2][body] POST https://upload-firebasehosting.googleapis.com/upload/sites/disneycloneapp-f9250/versions/407b7dd5d151fa2f/files/86d0538653eb1cf4879cc9cbb137dd34f0f51f58acd3fe6d3e3a8d00fbb0409f [stream]
[debug] [2021-10-20T12:56:59.131Z] >>> [apiv2][query] POST https://upload-firebasehosting.googleapis.com/upload/sites/disneycloneapp-f9250/versions/407b7dd5d151fa2f/files/9bb42627398c13fdd497bfef8c49e912055994fe6d659b0aa40d0e621e0f4031 [none]
[debug] [2021-10-20T12:56:59.131Z] >>> [apiv2][body] POST https://upload-firebasehosting.googleapis.com/upload/sites/disneycloneapp-f9250/versions/407b7dd5d151fa2f/files/9bb42627398c13fdd497bfef8c49e912055994fe6d659b0aa40d0e621e0f4031 [stream]
[debug] [2021-10-20T12:56:59.133Z] [hosting][populate queue][FINAL] {"max":11053,"min":11053,"avg":11053,"active":0,"complete":1,"success":1,"errored":0,"retried":0,"total":1,"elapsed":11099}
[debug] [2021-10-20T12:56:59.133Z] [hosting] uploads queued: 6
[debug] [2021-10-20T12:57:29.481Z] [uploadQueue] Retrying task c48b87dfb6bb95b37572a895c1e94180d45ce5378b67abcdab32aa45f4a1d7a3
[debug] [2021-10-20T12:57:29.484Z] >>> [apiv2][query] POST https://upload-firebasehosting.googleapis.com/upload/sites/disneycloneapp-f9250/versions/407b7dd5d151fa2f/files/c48b87dfb6bb95b37572a895c1e94180d45ce5378b67abcdab32aa45f4a1d7a3 [none]
[debug] [2021-10-20T12:57:29.485Z] >>> [apiv2][body] POST https://upload-firebasehosting.googleapis.com/upload/sites/disneycloneapp-f9250/versions/407b7dd5d151fa2f/files/c48b87dfb6bb95b37572a895c1e94180d45ce5378b67abcdab32aa45f4a1d7a3 [stream]
[debug] [2021-10-20T12:57:29.500Z] [uploadQueue] Retrying task 729dcfcb9209ea39aaf14975fb7cd4bc833ec1b8fb6b5f86d4ad8bd154db2b66
[debug] [2021-10-20T12:57:29.506Z] >>> [apiv2][query] POST https://upload-firebasehosting.googleapis.com/upload/sites/disneycloneapp-f9250/versions/407b7dd5d151fa2f/files/729dcfcb9209ea39aaf14975fb7cd4bc833ec1b8fb6b5f86d4ad8bd154db2b66 [none]
[debug] [2021-10-20T12:57:29.507Z] >>> [apiv2][body] POST https://upload-firebasehosting.googleapis.com/upload/sites/disneycloneapp-f9250/versions/407b7dd5d151fa2f/files/729dcfcb9209ea39aaf14975fb7cd4bc833ec1b8fb6b5f86d4ad8bd154db2b66 [stream]
[debug] [2021-10-20T12:57:29.533Z] [uploadQueue] Retrying task 0f2a0455043289a087414cbf5e538a64202814a5114765aade9f275d4731f34a
[debug] [2021-10-20T12:57:29.538Z] >>> [apiv2][query] POST https://upload-firebasehosting.googleapis.com/upload/sites/disneycloneapp-f9250/versions/407b7dd5d151fa2f/files/0f2a0455043289a087414cbf5e538a64202814a5114765aade9f275d4731f34a [none]
[debug] [2021-10-20T12:57:29.538Z] >>> [apiv2][body] POST https://upload-firebasehosting.googleapis.com/upload/sites/disneycloneapp-f9250/versions/407b7dd5d151fa2f/files/0f2a0455043289a087414cbf5e538a64202814a5114765aade9f275d4731f34a [stream]
[debug] [2021-10-20T12:57:29.545Z] [uploadQueue] Retrying task deb734371bafcec95d9cca2b3d16d612e3b6f56b98ad73ca4643f80a22a496b0
[debug] [2021-10-20T12:57:29.547Z] >>> [apiv2][query] POST https://upload-firebasehosting.googleapis.com/upload/sites/disneycloneapp-f9250/versions/407b7dd5d151fa2f/files/deb734371bafcec95d9cca2b3d16d612e3b6f56b98ad73ca4643f80a22a496b0 [none]
[debug] [2021-10-20T12:57:29.547Z] >>> [apiv2][body] POST https://upload-firebasehosting.googleapis.com/upload/sites/disneycloneapp-f9250/versions/407b7dd5d151fa2f/files/deb734371bafcec95d9cca2b3d16d612e3b6f56b98ad73ca4643f80a22a496b0 [stream]
[debug] [2021-10-20T12:57:29.553Z] [uploadQueue] Retrying task 86d0538653eb1cf4879cc9cbb137dd34f0f51f58acd3fe6d3e3a8d00fbb0409f
[debug] [2021-10-20T12:57:29.554Z] >>> [apiv2][query] POST https://upload-firebasehosting.googleapis.com/upload/sites/disneycloneapp-f9250/versions/407b7dd5d151fa2f/files/86d0538653eb1cf4879cc9cbb137dd34f0f51f58acd3fe6d3e3a8d00fbb0409f [none]
[debug] [2021-10-20T12:57:29.554Z] >>> [apiv2][body] POST https://upload-firebasehosting.googleapis.com/upload/sites/disneycloneapp-f9250/versions/407b7dd5d151fa2f/files/86d0538653eb1cf4879cc9cbb137dd34f0f51f58acd3fe6d3e3a8d00fbb0409f [stream]
[debug] [2021-10-20T12:57:29.558Z] [uploadQueue] Retrying task 9bb42627398c13fdd497bfef8c49e912055994fe6d659b0aa40d0e621e0f4031
[debug] [2021-10-20T12:57:29.559Z] >>> [apiv2][query] POST https://upload-firebasehosting.googleapis.com/upload/sites/disneycloneapp-f9250/versions/407b7dd5d151fa2f/files/9bb42627398c13fdd497bfef8c49e912055994fe6d659b0aa40d0e621e0f4031 [none]
[debug] [2021-10-20T12:57:29.559Z] >>> [apiv2][body] POST https://upload-firebasehosting.googleapis.com/upload/sites/disneycloneapp-f9250/versions/407b7dd5d151fa2f/files/9bb42627398c13fdd497bfef8c49e912055994fe6d659b0aa40d0e621e0f4031 [stream]
[debug] [2021-10-20T12:57:45.781Z] ----------------------------------------------------------------------
[debug] [2021-10-20T12:57:45.783Z] Command:       /usr/bin/node /usr/local/bin/firebase init
[debug] [2021-10-20T12:57:45.784Z] CLI Version:   9.20.0
[debug] [2021-10-20T12:57:45.784Z] Platform:      linux
[debug] [2021-10-20T12:57:45.784Z] Node Version:  v16.11.1
[debug] [2021-10-20T12:57:45.785Z] Time:          Wed Oct 20 2021 15:57:45 GMT+0300 (Eastern European Summer Time)
[debug] [2021-10-20T12:57:45.785Z] ----------------------------------------------------------------------
[debug] 
[debug] [2021-10-20T12:57:45.860Z] > command requires scopes: ["email","openid","https://www.googleapis.com/auth/cloudplatformprojects.readonly","https://www.googleapis.com/auth/firebase","https://www.googleapis.com/auth/cloud-platform"]
[debug] [2021-10-20T12:57:45.862Z] > authorizing via signed-in user (fadirezeksalloum.dev@gmail.com)
[info] 
     ######## #### ########  ######## ########     ###     ######  ########
     ##        ##  ##     ## ##       ##     ##  ##   ##  ##       ##
     ######    ##  ########  ######   ########  #########  ######  ######
     ##        ##  ##    ##  ##       ##     ## ##     ##       ## ##
     ##       #### ##     ## ######## ########  ##     ##  ######  ########

You're about to initialize a Firebase project in this directory:

  /home/fadi-rezek-salloum/Dev/React/disney-plus-clone

Before we get started, keep in mind:

  * You are initializing within an existing Firebase project directory

[info] 
=== Project Setup
[info] 
[info] First, let's associate this project directory with a Firebase project.
[info] You can create multiple project aliases by running firebase use --add, 
[info] but for now we'll just set up a default project.
[info] 
[info] i  .firebaserc already has a default project, using disneycloneapp-f9250. 
[debug] [2021-10-20T12:57:50.039Z] >>> [apiv2][query] GET https://firebase.googleapis.com/v1beta1/projects/disneycloneapp-f9250 [none]
[debug] [2021-10-20T12:57:51.185Z] <<< [apiv2][status] GET https://firebase.googleapis.com/v1beta1/projects/disneycloneapp-f9250 200
[debug] [2021-10-20T12:57:51.187Z] <<< [apiv2][body] GET https://firebase.googleapis.com/v1beta1/projects/disneycloneapp-f9250 {"projectId":"disneycloneapp-f9250","projectNumber":"1066282905735","displayName":"DisneyCloneApp","name":"projects/disneycloneapp-f9250","resources":{"hostingSite":"disneycloneapp-f9250","storageBucket":"disneycloneapp-f9250.appspot.com","locationId":"asia-northeast2"},"state":"ACTIVE"}
[info] 
=== Hosting Setup
[info] 
[info] Your public directory is the folder (relative to your project directory) that
[info] will contain Hosting assets to be uploaded with firebase deploy. If you
[info] have a build process for your assets, use your build's output directory.
[info] 
[info] ✔  Wrote build/404.html 
[debug] [2021-10-20T12:58:06.069Z] >>> [apiv2][query] GET https://www.gstatic.com/firebasejs/releases.json [none]
[debug] [2021-10-20T12:58:08.122Z] <<< [apiv2][status] GET https://www.gstatic.com/firebasejs/releases.json 200
[debug] [2021-10-20T12:58:08.122Z] <<< [apiv2][body] GET https://www.gstatic.com/firebasejs/releases.json {"current":{"version":"9.1.3","browserURL":"https://www.gstatic.com/firebasejs/9.1.3/firebase.js","packageURL":"https://www.gstatic.com/firebasejs/9.1.3/firebase.tgz"},"live":{"version":"9.1","browserURL":"https://www.gstatic.com/firebasejs/live/9.1/firebase.js","packageURL":"https://www.gstatic.com/firebasejs/live/9.1/firebase.tgz"},"components":{"analytics":"https://www.gstatic.com/firebasejs/9.1.3/firebase-analytics.js","app":"https://www.gstatic.com/firebasejs/9.1.3/firebase-app.js","app-check":"https://www.gstatic.com/firebasejs/9.1.3/firebase-app-check.js","auth":"https://www.gstatic.com/firebasejs/9.1.3/firebase-auth.js","auth/cordova":"https://www.gstatic.com/firebasejs/9.1.3/firebase-auth/cordova.js","auth/react-native":"https://www.gstatic.com/firebasejs/9.1.3/firebase-auth/react-native.js","functions":"https://www.gstatic.com/firebasejs/9.1.3/firebase-functions.js","firestore":"https://www.gstatic.com/firebasejs/9.1.3/firebase-firestore.js","firestore/lite":"https://www.gstatic.com/firebasejs/9.1.3/firebase-firestore/lite.js","storage":"https://www.gstatic.com/firebasejs/9.1.3/firebase-storage.js","performance":"https://www.gstatic.com/firebasejs/9.1.3/firebase-performance.js","remote-config":"https://www.gstatic.com/firebasejs/9.1.3/firebase-remote-config.js","messaging":"https://www.gstatic.com/firebasejs/9.1.3/firebase-messaging.js","messaging/sw":"https://www.gstatic.com/firebasejs/9.1.3/firebase-messaging/sw.js","database":"https://www.gstatic.com/firebasejs/9.1.3/firebase-database.js","firestore.memory":"https://www.gstatic.com/firebasejs/9.1.3/firebase-firestore.memory.js"}}
[info] i  Skipping write of build/index.html 
[info] 
[info] i  Detected a .git folder at /home/fadi-rezek-salloum/Dev/React/disney-plus-clone 
[info] i  Authorizing with GitHub to upload your service account to a GitHub repository's secrets store. 
[info] 
[info] Visit this URL on this device to log in:
[info] https://github.com/login/oauth/authorize?client_id=89cf50f02ac6aaed3484&state=299995211&redirect_uri=http%3A%2F%2Flocalhost%3A9005&scope=read%3Auser%20repo%20public_repo
[info] 
[info] Waiting for authentication...
[debug] [2021-10-20T12:58:27.366Z] >>> HTTP REQUEST POST https://github.com/login/oauth/access_token  
 {"client_id":"89cf50f02ac6aaed3484","client_secret":"3330d14abc895d9a74d5f17cd7a00711fa2c5bf0","code":"cf811c1201a8ccdc8186","redirect_uri":"http://localhost:9005","state":"299995211"}
[debug] [2021-10-20T12:58:28.242Z] <<< HTTP RESPONSE 200 {"server":"GitHub.com","date":"Wed, 20 Oct 2021 12:58:28 GMT","content-type":"application/json; charset=utf-8","transfer-encoding":"chunked","vary":"X-PJAX, X-PJAX-Container, Accept-Encoding, Accept, X-Requested-With","permissions-policy":"interest-cohort=()","etag":"W/\"1d0f16b758d5afd6d6bf02b3a424c067\"","cache-control":"max-age=0, private, must-revalidate","strict-transport-security":"max-age=31536000; includeSubdomains; preload","x-frame-options":"deny","x-content-type-options":"nosniff","x-xss-protection":"0","referrer-policy":"origin-when-cross-origin, strict-origin-when-cross-origin","expect-ct":"max-age=2592000, report-uri=\"https://api.github.com/_private/browser/errors\"","content-security-policy":"default-src 'none'; base-uri 'self'; block-all-mixed-content; child-src github.com/assets-cdn/worker/ gist.github.com/assets-cdn/worker/; connect-src 'self' uploads.github.com objects-origin.githubusercontent.com www.githubstatus.com collector.githubapp.com api.github.com github-cloud.s3.amazonaws.com github-production-repository-file-5c1aeb.s3.amazonaws.com github-production-upload-manifest-file-7fdce7.s3.amazonaws.com github-production-user-asset-6210df.s3.amazonaws.com cdn.optimizely.com logx.optimizely.com/v1/events translator.github.com wss://alive.github.com; font-src github.githubassets.com; form-action 'self' github.com gist.github.com objects-origin.githubusercontent.com; frame-ancestors 'none'; frame-src render.githubusercontent.com viewscreen.githubusercontent.com; img-src 'self' data: github.githubassets.com identicons.github.com collector.githubapp.com github-cloud.s3.amazonaws.com secured-user-images.githubusercontent.com/ *.githubusercontent.com; manifest-src 'self'; media-src github.com user-images.githubusercontent.com/; script-src github.githubassets.com; style-src 'unsafe-inline' github.githubassets.com; worker-src github.com/assets-cdn/worker/ gist.github.com/assets-cdn/worker/","x-github-request-id":"CA42:1F0D:45DE58:4D66E3:61701274"}
[debug] [2021-10-20T12:58:28.285Z] >>> [apiv2][query] GET https://api.github.com/user [none]
[debug] [2021-10-20T12:58:28.986Z] <<< [apiv2][status] GET https://api.github.com/user 200
[debug] [2021-10-20T12:58:28.987Z] <<< [apiv2][body] GET https://api.github.com/user {"login":"fadi-rezek-salloum","id":78537399,"node_id":"MDQ6VXNlcjc4NTM3Mzk5","avatar_url":"https://avatars.githubusercontent.com/u/78537399?v=4","gravatar_id":"","url":"https://api.github.com/users/fadi-rezek-salloum","html_url":"https://github.com/fadi-rezek-salloum","followers_url":"https://api.github.com/users/fadi-rezek-salloum/followers","following_url":"https://api.github.com/users/fadi-rezek-salloum/following{/other_user}","gists_url":"https://api.github.com/users/fadi-rezek-salloum/gists{/gist_id}","starred_url":"https://api.github.com/users/fadi-rezek-salloum/starred{/owner}{/repo}","subscriptions_url":"https://api.github.com/users/fadi-rezek-salloum/subscriptions","organizations_url":"https://api.github.com/users/fadi-rezek-salloum/orgs","repos_url":"https://api.github.com/users/fadi-rezek-salloum/repos","events_url":"https://api.github.com/users/fadi-rezek-salloum/events{/privacy}","received_events_url":"https://api.github.com/users/fadi-rezek-salloum/received_events","type":"User","site_admin":false,"name":"Eng. Fadi Rezek Salloum","company":null,"blog":"https://fadi-rezek-salloum.herokuapp.com/","location":"Syria, Homs","email":null,"hireable":true,"bio":"Full-Stack Web Developer","twitter_username":null,"public_repos":6,"public_gists":0,"followers":0,"following":0,"created_at":"2021-02-04T10:26:19Z","updated_at":"2021-09-13T22:03:19Z","private_gists":0,"total_private_repos":0,"owned_private_repos":0,"disk_usage":20070,"collaborators":0,"two_factor_authentication":false,"plan":{"name":"free","space":976562499,"collaborators":0,"private_repos":10000}}
[info] 
[info] ✔  Success! Logged into GitHub as fadi-rezek-salloum 
[info] 
